# JRE version: Java(TM) SE Runtime Environment (8.0_333-b02) (build 1.8.0_333-b02)
# Java VM: Java HotSpot(TM) 64-Bit Server VM (25.333-b02 mixed mode windows-amd64 compressed oops)
Heap:
 PSYoungGen      total 169472K, used 147617K [0x00000000d5580000, 0x00000000e2b80000, 0x0000000100000000)
  eden space 153088K, 89% used [0x00000000d5580000,0x00000000ddb8ab88,0x00000000deb00000)
  from space 16384K, 63% used [0x00000000deb00000,0x00000000df51d9d0,0x00000000dfb00000)
  to   space 15872K, 0% used [0x00000000e1c00000,0x00000000e1c00000,0x00000000e2b80000)
 ParOldGen       total 175104K, used 32857K [0x0000000080000000, 0x000000008ab00000, 0x00000000d5580000)
  object space 175104K, 18% used [0x0000000080000000,0x00000000820165a0,0x000000008ab00000)
 Metaspace       used 76282K, capacity 79960K, committed 80384K, reserved 1118208K
  class space    used 10930K, capacity 11685K, committed 11776K, reserved 1048576K
GC Heap History (10 events):
Event: 82.834 GC heap before
{Heap before GC invocations=14 (full 2):
 PSYoungGen      total 119808K, used 119541K [0x00000000d5580000, 0x00000000deb80000, 0x0000000100000000)
  eden space 107520K, 100% used [0x00000000d5580000,0x00000000dbe80000,0x00000000dbe80000)
  from space 12288K, 97% used [0x00000000dbe80000,0x00000000dca3d4e0,0x00000000dca80000)
  to   space 13824K, 0% used [0x00000000dde00000,0x00000000dde00000,0x00000000deb80000)
 ParOldGen       total 117760K, used 14173K [0x0000000080000000, 0x0000000087300000, 0x00000000d5580000)
  object space 117760K, 12% used [0x0000000080000000,0x0000000080dd77a8,0x0000000087300000)
 Metaspace       used 49279K, capacity 52040K, committed 52224K, reserved 1093632K
  class space    used 7033K, capacity 7592K, committed 7680K, reserved 1048576K
Event: 82.860 GC heap after
Heap after GC invocations=14 (full 2):
 PSYoungGen      total 137216K, used 13797K [0x00000000d5580000, 0x00000000df900000, 0x0000000100000000)
  eden space 123392K, 0% used [0x00000000d5580000,0x00000000d5580000,0x00000000dce00000)
  from space 13824K, 99% used [0x00000000dde00000,0x00000000deb795d0,0x00000000deb80000)
  to   space 16384K, 0% used [0x00000000dce00000,0x00000000dce00000,0x00000000dde00000)
 ParOldGen       total 117760K, used 17732K [0x0000000080000000, 0x0000000087300000, 0x00000000d5580000)
  object space 117760K, 15% used [0x0000000080000000,0x0000000081151158,0x0000000087300000)
 Metaspace       used 49279K, capacity 52040K, committed 52224K, reserved 1093632K
  class space    used 7033K, capacity 7592K, committed 7680K, reserved 1048576K
}
Event: 86.757 GC heap before
{Heap before GC invocations=15 (full 2):
 PSYoungGen      total 137216K, used 112228K [0x00000000d5580000, 0x00000000df900000, 0x0000000100000000)
  eden space 123392K, 79% used [0x00000000d5580000,0x00000000db59fa58,0x00000000dce00000)
  from space 13824K, 99% used [0x00000000dde00000,0x00000000deb795d0,0x00000000deb80000)
  to   space 16384K, 0% used [0x00000000dce00000,0x00000000dce00000,0x00000000dde00000)
 ParOldGen       total 117760K, used 17732K [0x0000000080000000, 0x0000000087300000, 0x00000000d5580000)
  object space 117760K, 15% used [0x0000000080000000,0x0000000081151158,0x0000000087300000)
 Metaspace       used 55714K, capacity 59016K, committed 59136K, reserved 1099776K
  class space    used 7969K, capacity 8633K, committed 8704K, reserved 1048576K
Event: 86.788 GC heap after
Heap after GC invocations=15 (full 2):
 PSYoungGen      total 139776K, used 11333K [0x00000000d5580000, 0x00000000e0c00000, 0x0000000100000000)
  eden space 123392K, 0% used [0x00000000d5580000,0x00000000d5580000,0x00000000dce00000)
  from space 16384K, 69% used [0x00000000dce00000,0x00000000dd911780,0x00000000dde00000)
  to   space 16896K, 0% used [0x00000000dfb80000,0x00000000dfb80000,0x00000000e0c00000)
 ParOldGen       total 117760K, used 26773K [0x0000000080000000, 0x0000000087300000, 0x00000000d5580000)
  object space 117760K, 22% used [0x0000000080000000,0x0000000081a25578,0x0000000087300000)
 Metaspace       used 55714K, capacity 59016K, committed 59136K, reserved 1099776K
  class space    used 7969K, capacity 8633K, committed 8704K, reserved 1048576K
}
Event: 86.788 GC heap before
{Heap before GC invocations=16 (full 3):
 PSYoungGen      total 139776K, used 11333K [0x00000000d5580000, 0x00000000e0c00000, 0x0000000100000000)
  eden space 123392K, 0% used [0x00000000d5580000,0x00000000d5580000,0x00000000dce00000)
  from space 16384K, 69% used [0x00000000dce00000,0x00000000dd911780,0x00000000dde00000)
  to   space 16896K, 0% used [0x00000000dfb80000,0x00000000dfb80000,0x00000000e0c00000)
 ParOldGen       total 117760K, used 26773K [0x0000000080000000, 0x0000000087300000, 0x00000000d5580000)
  object space 117760K, 22% used [0x0000000080000000,0x0000000081a25578,0x0000000087300000)
 Metaspace       used 55714K, capacity 59016K, committed 59136K, reserved 1099776K
  class space    used 7969K, capacity 8633K, committed 8704K, reserved 1048576K
Event: 87.446 GC heap after
Heap after GC invocations=16 (full 3):
 PSYoungGen      total 139776K, used 0K [0x00000000d5580000, 0x00000000e0c00000, 0x0000000100000000)
  eden space 123392K, 0% used [0x00000000d5580000,0x00000000d5580000,0x00000000dce00000)
  from space 16384K, 0% used [0x00000000dce00000,0x00000000dce00000,0x00000000dde00000)
  to   space 16896K, 0% used [0x00000000dfb80000,0x00000000dfb80000,0x00000000e0c00000)
 ParOldGen       total 175104K, used 32841K [0x0000000080000000, 0x000000008ab00000, 0x00000000d5580000)
  object space 175104K, 18% used [0x0000000080000000,0x00000000820125a0,0x000000008ab00000)
 Metaspace       used 55683K, capacity 58948K, committed 59136K, reserved 1099776K
  class space    used 7958K, capacity 8617K, committed 8704K, reserved 1048576K
}
Event: 89.617 GC heap before
{Heap before GC invocations=17 (full 3):
 PSYoungGen      total 139776K, used 123392K [0x00000000d5580000, 0x00000000e0c00000, 0x0000000100000000)
  eden space 123392K, 100% used [0x00000000d5580000,0x00000000dce00000,0x00000000dce00000)
  from space 16384K, 0% used [0x00000000dce00000,0x00000000dce00000,0x00000000dde00000)
  to   space 16896K, 0% used [0x00000000dfb80000,0x00000000dfb80000,0x00000000e0c00000)
 ParOldGen       total 175104K, used 32841K [0x0000000080000000, 0x000000008ab00000, 0x00000000d5580000)
  object space 175104K, 18% used [0x0000000080000000,0x00000000820125a0,0x000000008ab00000)
 Metaspace       used 60965K, capacity 64358K, committed 64384K, reserved 1103872K
  class space    used 8670K, capacity 9324K, committed 9344K, reserved 1048576K
Event: 89.629 GC heap after
Heap after GC invocations=17 (full 3):
 PSYoungGen      total 168960K, used 7931K [0x00000000d5580000, 0x00000000e0b00000, 0x0000000100000000)
  eden space 153088K, 0% used [0x00000000d5580000,0x00000000d5580000,0x00000000deb00000)
  from space 15872K, 49% used [0x00000000dfb80000,0x00000000e033ee40,0x00000000e0b00000)
  to   space 16384K, 0% used [0x00000000deb00000,0x00000000deb00000,0x00000000dfb00000)
 ParOldGen       total 175104K, used 32849K [0x0000000080000000, 0x000000008ab00000, 0x00000000d5580000)
  object space 175104K, 18% used [0x0000000080000000,0x00000000820145a0,0x000000008ab00000)
 Metaspace       used 60965K, capacity 64358K, committed 64384K, reserved 1103872K
  class space    used 8670K, capacity 9324K, committed 9344K, reserved 1048576K
}
Event: 92.785 GC heap before
{Heap before GC invocations=18 (full 3):
 PSYoungGen      total 168960K, used 161019K [0x00000000d5580000, 0x00000000e0b00000, 0x0000000100000000)
  eden space 153088K, 100% used [0x00000000d5580000,0x00000000deb00000,0x00000000deb00000)
  from space 15872K, 49% used [0x00000000dfb80000,0x00000000e033ee40,0x00000000e0b00000)
  to   space 16384K, 0% used [0x00000000deb00000,0x00000000deb00000,0x00000000dfb00000)
 ParOldGen       total 175104K, used 32849K [0x0000000080000000, 0x000000008ab00000, 0x00000000d5580000)
  object space 175104K, 18% used [0x0000000080000000,0x00000000820145a0,0x000000008ab00000)
 Metaspace       used 69216K, capacity 72674K, committed 72960K, reserved 1112064K
  class space    used 10061K, capacity 10740K, committed 10752K, reserved 1048576K
Event: 92.802 GC heap after
Heap after GC invocations=18 (full 3):
 PSYoungGen      total 169472K, used 10358K [0x00000000d5580000, 0x00000000e2b80000, 0x0000000100000000)
  eden space 153088K, 0% used [0x00000000d5580000,0x00000000d5580000,0x00000000deb00000)
  from space 16384K, 63% used [0x00000000deb00000,0x00000000df51d9d0,0x00000000dfb00000)
  to   space 15872K, 0% used [0x00000000e1c00000,0x00000000e1c00000,0x00000000e2b80000)
 ParOldGen       total 175104K, used 32857K [0x0000000080000000, 0x000000008ab00000, 0x00000000d5580000)
  object space 175104K, 18% used [0x0000000080000000,0x00000000820165a0,0x000000008ab00000)
 Metaspace       used 69216K, capacity 72674K, committed 72960K, reserved 1112064K
  class space    used 10061K, capacity 10740K, committed 10752K, reserved 1048576K
}

