# JRE version: Java(TM) SE Runtime Environment 18.9 (11.0.15+8) (build 11.0.15+8-LTS-149)
# Java VM: Java HotSpot(TM) 64-Bit Server VM 18.9 (11.0.15+8-LTS-149, mixed mode, tiered, compressed oops, g1 gc, windows-amd64)
Heap:
 garbage-first heap   total 236544K, used 61652K [0x0000000741c00000, 0x0000000800000000)
  region size 1024K, 24 young (24576K), 10 survivors (10240K)
 Metaspace       used 56247K, capacity 56846K, committed 56912K, reserved 1099776K
  class space    used 6624K, capacity 6901K, committed 6912K, reserved 1048576K
GC Heap History (10 events):
Event: 4.493 GC heap before
{Heap before GC invocations=3 (full 0):
 garbage-first heap   total 196608K, used 72959K [0x0000000741c00000, 0x0000000800000000)
  region size 1024K, 57 young (58368K), 7 survivors (7168K)
 Metaspace       used 30868K, capacity 31234K, committed 31408K, reserved 1077248K
  class space    used 3664K, capacity 3824K, committed 3840K, reserved 1048576K
}
Event: 4.518 GC heap after
{Heap after GC invocations=4 (full 0):
 garbage-first heap   total 196608K, used 32341K [0x0000000741c00000, 0x0000000800000000)
  region size 1024K, 8 young (8192K), 8 survivors (8192K)
 Metaspace       used 30868K, capacity 31234K, committed 31408K, reserved 1077248K
  class space    used 3664K, capacity 3824K, committed 3840K, reserved 1048576K
}
Event: 4.722 GC heap before
{Heap before GC invocations=4 (full 0):
 garbage-first heap   total 196608K, used 36437K [0x0000000741c00000, 0x0000000800000000)
  region size 1024K, 12 young (12288K), 8 survivors (8192K)
 Metaspace       used 32070K, capacity 32386K, committed 32560K, reserved 1077248K
  class space    used 3803K, capacity 3952K, committed 3968K, reserved 1048576K
}
Event: 4.733 GC heap after
{Heap after GC invocations=5 (full 0):
 garbage-first heap   total 196608K, used 34146K [0x0000000741c00000, 0x0000000800000000)
  region size 1024K, 2 young (2048K), 2 survivors (2048K)
 Metaspace       used 32070K, capacity 32386K, committed 32560K, reserved 1077248K
  class space    used 3803K, capacity 3952K, committed 3968K, reserved 1048576K
}
Event: 5.527 GC heap before
{Heap before GC invocations=5 (full 0):
 garbage-first heap   total 196608K, used 52578K [0x0000000741c00000, 0x0000000800000000)
  region size 1024K, 21 young (21504K), 2 survivors (2048K)
 Metaspace       used 35447K, capacity 35788K, committed 35920K, reserved 1081344K
  class space    used 4149K, capacity 4316K, committed 4352K, reserved 1048576K
}
Event: 5.533 GC heap after
{Heap after GC invocations=6 (full 0):
 garbage-first heap   total 236544K, used 33336K [0x0000000741c00000, 0x0000000800000000)
  region size 1024K, 3 young (3072K), 3 survivors (3072K)
 Metaspace       used 35447K, capacity 35788K, committed 35920K, reserved 1081344K
  class space    used 4149K, capacity 4316K, committed 4352K, reserved 1048576K
}
Event: 9.079 GC heap before
{Heap before GC invocations=7 (full 0):
 garbage-first heap   total 236544K, used 85560K [0x0000000741c00000, 0x0000000800000000)
  region size 1024K, 52 young (53248K), 3 survivors (3072K)
 Metaspace       used 45708K, capacity 46194K, committed 46416K, reserved 1089536K
  class space    used 5361K, capacity 5555K, committed 5632K, reserved 1048576K
}
Event: 9.088 GC heap after
{Heap after GC invocations=8 (full 0):
 garbage-first heap   total 236544K, used 40843K [0x0000000741c00000, 0x0000000800000000)
  region size 1024K, 7 young (7168K), 7 survivors (7168K)
 Metaspace       used 45708K, capacity 46194K, committed 46416K, reserved 1089536K
  class space    used 5361K, capacity 5555K, committed 5632K, reserved 1048576K
}
Event: 13.583 GC heap before
{Heap before GC invocations=8 (full 0):
 garbage-first heap   total 236544K, used 113547K [0x0000000741c00000, 0x0000000800000000)
  region size 1024K, 77 young (78848K), 7 survivors (7168K)
 Metaspace       used 54914K, capacity 55520K, committed 55760K, reserved 1097728K
  class space    used 6465K, capacity 6740K, committed 6784K, reserved 1048576K
}
Event: 13.602 GC heap after
{Heap after GC invocations=9 (full 0):
 garbage-first heap   total 236544K, used 48340K [0x0000000741c00000, 0x0000000800000000)
  region size 1024K, 10 young (10240K), 10 survivors (10240K)
 Metaspace       used 54914K, capacity 55520K, committed 55760K, reserved 1097728K
  class space    used 6465K, capacity 6740K, committed 6784K, reserved 1048576K
}

